# JRE version: Java(TM) SE Runtime Environment (13.0.2+8) (build 13.0.2+8)
# Java VM: Java HotSpot(TM) 64-Bit Server VM (13.0.2+8, mixed mode, sharing, tiered, compressed oops, g1 gc, bsd-amd64)
Heap:
 garbage-first heap   total 185344K, used 91967K [0x0000000780000000, 0x0000000800000000)
  region size 1024K, 57 young (58368K), 1 survivors (1024K)
 Metaspace       used 13113K, capacity 13572K, committed 13696K, reserved 1060864K
  class space    used 1697K, capacity 1881K, committed 1920K, reserved 1048576K
GC Heap History (20 events):
Event: 94.910 GC heap before
{Heap before GC invocations=13 (full 0):
 garbage-first heap   total 133120K, used 85768K [0x0000000780000000, 0x0000000800000000)
  region size 1024K, 76 young (77824K), 4 survivors (4096K)
 Metaspace       used 12673K, capacity 13385K, committed 13696K, reserved 1060864K
  class space    used 1646K, capacity 1840K, committed 1920K, reserved 1048576K
}
Event: 94.915 GC heap after
{Heap after GC invocations=14 (full 0):
 garbage-first heap   total 133120K, used 12040K [0x0000000780000000, 0x0000000800000000)
  region size 1024K, 4 young (4096K), 4 survivors (4096K)
 Metaspace       used 12673K, capacity 13385K, committed 13696K, reserved 1060864K
  class space    used 1646K, capacity 1840K, committed 1920K, reserved 1048576K
}
Event: 95.068 GC heap before
{Heap before GC invocations=14 (full 0):
 garbage-first heap   total 133120K, used 85768K [0x0000000780000000, 0x0000000800000000)
  region size 1024K, 76 young (77824K), 4 survivors (4096K)
 Metaspace       used 12675K, capacity 13385K, committed 13696K, reserved 1060864K
  class space    used 1646K, capacity 1840K, committed 1920K, reserved 1048576K
}
Event: 95.074 GC heap after
{Heap after GC invocations=15 (full 0):
 garbage-first heap   total 133120K, used 12530K [0x0000000780000000, 0x0000000800000000)
  region size 1024K, 5 young (5120K), 5 survivors (5120K)
 Metaspace       used 12675K, capacity 13385K, committed 13696K, reserved 1060864K
  class space    used 1646K, capacity 1840K, committed 1920K, reserved 1048576K
}
Event: 95.196 GC heap before
{Heap before GC invocations=15 (full 0):
 garbage-first heap   total 133120K, used 85234K [0x0000000780000000, 0x0000000800000000)
  region size 1024K, 76 young (77824K), 5 survivors (5120K)
 Metaspace       used 12675K, capacity 13385K, committed 13696K, reserved 1060864K
  class space    used 1646K, capacity 1840K, committed 1920K, reserved 1048576K
}
Event: 95.202 GC heap after
{Heap after GC invocations=16 (full 0):
 garbage-first heap   total 185344K, used 12356K [0x0000000780000000, 0x0000000800000000)
  region size 1024K, 5 young (5120K), 5 survivors (5120K)
 Metaspace       used 12675K, capacity 13385K, committed 13696K, reserved 1060864K
  class space    used 1646K, capacity 1840K, committed 1920K, reserved 1048576K
}
Event: 95.431 GC heap before
{Heap before GC invocations=16 (full 0):
 garbage-first heap   total 185344K, used 117828K [0x0000000780000000, 0x0000000800000000)
  region size 1024K, 108 young (110592K), 5 survivors (5120K)
 Metaspace       used 12676K, capacity 13385K, committed 13696K, reserved 1060864K
  class space    used 1646K, capacity 1840K, committed 1920K, reserved 1048576K
}
Event: 95.438 GC heap after
{Heap after GC invocations=17 (full 0):
 garbage-first heap   total 185344K, used 12417K [0x0000000780000000, 0x0000000800000000)
  region size 1024K, 2 young (2048K), 2 survivors (2048K)
 Metaspace       used 12676K, capacity 13385K, committed 13696K, reserved 1060864K
  class space    used 1646K, capacity 1840K, committed 1920K, reserved 1048576K
}
Event: 95.606 GC heap before
{Heap before GC invocations=17 (full 0):
 garbage-first heap   total 185344K, used 120961K [0x0000000780000000, 0x0000000800000000)
  region size 1024K, 108 young (110592K), 2 survivors (2048K)
 Metaspace       used 12676K, capacity 13385K, committed 13696K, reserved 1060864K
  class space    used 1646K, capacity 1840K, committed 1920K, reserved 1048576K
}
Event: 95.607 GC heap after
{Heap after GC invocations=18 (full 0):
 garbage-first heap   total 185344K, used 12148K [0x0000000780000000, 0x0000000800000000)
  region size 1024K, 1 young (1024K), 1 survivors (1024K)
 Metaspace       used 12676K, capacity 13385K, committed 13696K, reserved 1060864K
  class space    used 1646K, capacity 1840K, committed 1920K, reserved 1048576K
}
Event: 95.855 GC heap before
{Heap before GC invocations=18 (full 0):
 garbage-first heap   total 185344K, used 121716K [0x0000000780000000, 0x0000000800000000)
  region size 1024K, 108 young (110592K), 1 survivors (1024K)
 Metaspace       used 12676K, capacity 13385K, committed 13696K, reserved 1060864K
  class space    used 1646K, capacity 1840K, committed 1920K, reserved 1048576K
}
Event: 95.856 GC heap after
{Heap after GC invocations=19 (full 0):
 garbage-first heap   total 185344K, used 12119K [0x0000000780000000, 0x0000000800000000)
  region size 1024K, 1 young (1024K), 1 survivors (1024K)
 Metaspace       used 12676K, capacity 13385K, committed 13696K, reserved 1060864K
  class space    used 1646K, capacity 1840K, committed 1920K, reserved 1048576K
}
Event: 96.087 GC heap before
{Heap before GC invocations=19 (full 0):
 garbage-first heap   total 185344K, used 121687K [0x0000000780000000, 0x0000000800000000)
  region size 1024K, 108 young (110592K), 1 survivors (1024K)
 Metaspace       used 12676K, capacity 13385K, committed 13696K, reserved 1060864K
  class space    used 1646K, capacity 1840K, committed 1920K, reserved 1048576K
}
Event: 96.087 GC heap after
{Heap after GC invocations=20 (full 0):
 garbage-first heap   total 185344K, used 12095K [0x0000000780000000, 0x0000000800000000)
  region size 1024K, 1 young (1024K), 1 survivors (1024K)
 Metaspace       used 12676K, capacity 13385K, committed 13696K, reserved 1060864K
  class space    used 1646K, capacity 1840K, committed 1920K, reserved 1048576K
}
Event: 96.344 GC heap before
{Heap before GC invocations=20 (full 0):
 garbage-first heap   total 185344K, used 121663K [0x0000000780000000, 0x0000000800000000)
  region size 1024K, 108 young (110592K), 1 survivors (1024K)
 Metaspace       used 12676K, capacity 13385K, committed 13696K, reserved 1060864K
  class space    used 1646K, capacity 1840K, committed 1920K, reserved 1048576K
}
Event: 96.345 GC heap after
{Heap after GC invocations=21 (full 0):
 garbage-first heap   total 185344K, used 12093K [0x0000000780000000, 0x0000000800000000)
  region size 1024K, 1 young (1024K), 1 survivors (1024K)
 Metaspace       used 12676K, capacity 13385K, committed 13696K, reserved 1060864K
  class space    used 1646K, capacity 1840K, committed 1920K, reserved 1048576K
}
Event: 96.564 GC heap before
{Heap before GC invocations=21 (full 0):
 garbage-first heap   total 185344K, used 121661K [0x0000000780000000, 0x0000000800000000)
  region size 1024K, 108 young (110592K), 1 survivors (1024K)
 Metaspace       used 12676K, capacity 13385K, committed 13696K, reserved 1060864K
  class space    used 1646K, capacity 1840K, committed 1920K, reserved 1048576K
}
Event: 96.565 GC heap after
{Heap after GC invocations=22 (full 0):
 garbage-first heap   total 185344K, used 12095K [0x0000000780000000, 0x0000000800000000)
  region size 1024K, 1 young (1024K), 1 survivors (1024K)
 Metaspace       used 12676K, capacity 13385K, committed 13696K, reserved 1060864K
  class space    used 1646K, capacity 1840K, committed 1920K, reserved 1048576K
}
Event: 96.746 GC heap before
{Heap before GC invocations=22 (full 0):
 garbage-first heap   total 185344K, used 121663K [0x0000000780000000, 0x0000000800000000)
  region size 1024K, 108 young (110592K), 1 survivors (1024K)
 Metaspace       used 12676K, capacity 13385K, committed 13696K, reserved 1060864K
  class space    used 1646K, capacity 1840K, committed 1920K, reserved 1048576K
}
Event: 96.746 GC heap after
{Heap after GC invocations=23 (full 0):
 garbage-first heap   total 185344K, used 12095K [0x0000000780000000, 0x0000000800000000)
  region size 1024K, 1 young (1024K), 1 survivors (1024K)
 Metaspace       used 12676K, capacity 13385K, committed 13696K, reserved 1060864K
  class space    used 1646K, capacity 1840K, committed 1920K, reserved 1048576K
}

