# JRE version: Java(TM) SE Runtime Environment (13.0.2+8) (build 13.0.2+8)
# Java VM: Java HotSpot(TM) 64-Bit Server VM (13.0.2+8, mixed mode, sharing, tiered, compressed oops, g1 gc, bsd-amd64)
Heap:
 garbage-first heap   total 216064K, used 95877K [0x0000000780000000, 0x0000000800000000)
  region size 1024K, 60 young (61440K), 1 survivors (1024K)
 Metaspace       used 13379K, capacity 13874K, committed 13952K, reserved 1060864K
  class space    used 1707K, capacity 1899K, committed 1920K, reserved 1048576K
GC Heap History (20 events):
Event: 141.080 GC heap before
{Heap before GC invocations=12 (full 0):
 garbage-first heap   total 133120K, used 85760K [0x0000000780000000, 0x0000000800000000)
  region size 1024K, 76 young (77824K), 4 survivors (4096K)
 Metaspace       used 12942K, capacity 13623K, committed 13952K, reserved 1060864K
  class space    used 1655K, capacity 1858K, committed 1920K, reserved 1048576K
}
Event: 141.086 GC heap after
{Heap after GC invocations=13 (full 0):
 garbage-first heap   total 133120K, used 11875K [0x0000000780000000, 0x0000000800000000)
  region size 1024K, 4 young (4096K), 4 survivors (4096K)
 Metaspace       used 12942K, capacity 13623K, committed 13952K, reserved 1060864K
  class space    used 1655K, capacity 1858K, committed 1920K, reserved 1048576K
}
Event: 141.171 GC heap before
{Heap before GC invocations=13 (full 0):
 garbage-first heap   total 133120K, used 85603K [0x0000000780000000, 0x0000000800000000)
  region size 1024K, 76 young (77824K), 4 survivors (4096K)
 Metaspace       used 12942K, capacity 13623K, committed 13952K, reserved 1060864K
  class space    used 1655K, capacity 1858K, committed 1920K, reserved 1048576K
}
Event: 141.177 GC heap after
{Heap after GC invocations=14 (full 0):
 garbage-first heap   total 133120K, used 12241K [0x0000000780000000, 0x0000000800000000)
  region size 1024K, 5 young (5120K), 5 survivors (5120K)
 Metaspace       used 12942K, capacity 13623K, committed 13952K, reserved 1060864K
  class space    used 1655K, capacity 1858K, committed 1920K, reserved 1048576K
}
Event: 141.314 GC heap before
{Heap before GC invocations=14 (full 0):
 garbage-first heap   total 133120K, used 84945K [0x0000000780000000, 0x0000000800000000)
  region size 1024K, 76 young (77824K), 5 survivors (5120K)
 Metaspace       used 12943K, capacity 13623K, committed 13952K, reserved 1060864K
  class space    used 1655K, capacity 1858K, committed 1920K, reserved 1048576K
}
Event: 141.319 GC heap after
{Heap after GC invocations=15 (full 0):
 garbage-first heap   total 133120K, used 12692K [0x0000000780000000, 0x0000000800000000)
  region size 1024K, 5 young (5120K), 5 survivors (5120K)
 Metaspace       used 12943K, capacity 13623K, committed 13952K, reserved 1060864K
  class space    used 1655K, capacity 1858K, committed 1920K, reserved 1048576K
}
Event: 141.427 GC heap before
{Heap before GC invocations=15 (full 0):
 garbage-first heap   total 133120K, used 85396K [0x0000000780000000, 0x0000000800000000)
  region size 1024K, 76 young (77824K), 5 survivors (5120K)
 Metaspace       used 12943K, capacity 13623K, committed 13952K, reserved 1060864K
  class space    used 1655K, capacity 1858K, committed 1920K, reserved 1048576K
}
Event: 141.434 GC heap after
{Heap after GC invocations=16 (full 0):
 garbage-first heap   total 216064K, used 12222K [0x0000000780000000, 0x0000000800000000)
  region size 1024K, 5 young (5120K), 5 survivors (5120K)
 Metaspace       used 12943K, capacity 13623K, committed 13952K, reserved 1060864K
  class space    used 1655K, capacity 1858K, committed 1920K, reserved 1048576K
}
Event: 141.658 GC heap before
{Heap before GC invocations=16 (full 0):
 garbage-first heap   total 216064K, used 133054K [0x0000000780000000, 0x0000000800000000)
  region size 1024K, 123 young (125952K), 5 survivors (5120K)
 Metaspace       used 12944K, capacity 13623K, committed 13952K, reserved 1060864K
  class space    used 1655K, capacity 1858K, committed 1920K, reserved 1048576K
}
Event: 141.664 GC heap after
{Heap after GC invocations=17 (full 0):
 garbage-first heap   total 216064K, used 12844K [0x0000000780000000, 0x0000000800000000)
  region size 1024K, 2 young (2048K), 2 survivors (2048K)
 Metaspace       used 12944K, capacity 13623K, committed 13952K, reserved 1060864K
  class space    used 1655K, capacity 1858K, committed 1920K, reserved 1048576K
}
Event: 141.864 GC heap before
{Heap before GC invocations=17 (full 0):
 garbage-first heap   total 216064K, used 139820K [0x0000000780000000, 0x0000000800000000)
  region size 1024K, 126 young (129024K), 2 survivors (2048K)
 Metaspace       used 12944K, capacity 13623K, committed 13952K, reserved 1060864K
  class space    used 1655K, capacity 1858K, committed 1920K, reserved 1048576K
}
Event: 141.865 GC heap after
{Heap after GC invocations=18 (full 0):
 garbage-first heap   total 216064K, used 13018K [0x0000000780000000, 0x0000000800000000)
  region size 1024K, 1 young (1024K), 1 survivors (1024K)
 Metaspace       used 12944K, capacity 13623K, committed 13952K, reserved 1060864K
  class space    used 1655K, capacity 1858K, committed 1920K, reserved 1048576K
}
Event: 142.045 GC heap before
{Heap before GC invocations=18 (full 0):
 garbage-first heap   total 216064K, used 141018K [0x0000000780000000, 0x0000000800000000)
  region size 1024K, 126 young (129024K), 1 survivors (1024K)
 Metaspace       used 12944K, capacity 13623K, committed 13952K, reserved 1060864K
  class space    used 1655K, capacity 1858K, committed 1920K, reserved 1048576K
}
Event: 142.045 GC heap after
{Heap after GC invocations=19 (full 0):
 garbage-first heap   total 216064K, used 12956K [0x0000000780000000, 0x0000000800000000)
  region size 1024K, 1 young (1024K), 1 survivors (1024K)
 Metaspace       used 12944K, capacity 13623K, committed 13952K, reserved 1060864K
  class space    used 1655K, capacity 1858K, committed 1920K, reserved 1048576K
}
Event: 142.223 GC heap before
{Heap before GC invocations=19 (full 0):
 garbage-first heap   total 216064K, used 140956K [0x0000000780000000, 0x0000000800000000)
  region size 1024K, 126 young (129024K), 1 survivors (1024K)
 Metaspace       used 12944K, capacity 13623K, committed 13952K, reserved 1060864K
  class space    used 1655K, capacity 1858K, committed 1920K, reserved 1048576K
}
Event: 142.223 GC heap after
{Heap after GC invocations=20 (full 0):
 garbage-first heap   total 216064K, used 13233K [0x0000000780000000, 0x0000000800000000)
  region size 1024K, 1 young (1024K), 1 survivors (1024K)
 Metaspace       used 12944K, capacity 13623K, committed 13952K, reserved 1060864K
  class space    used 1655K, capacity 1858K, committed 1920K, reserved 1048576K
}
Event: 142.477 GC heap before
{Heap before GC invocations=20 (full 0):
 garbage-first heap   total 216064K, used 141233K [0x0000000780000000, 0x0000000800000000)
  region size 1024K, 126 young (129024K), 1 survivors (1024K)
 Metaspace       used 12944K, capacity 13623K, committed 13952K, reserved 1060864K
  class space    used 1655K, capacity 1858K, committed 1920K, reserved 1048576K
}
Event: 142.478 GC heap after
{Heap after GC invocations=21 (full 0):
 garbage-first heap   total 216064K, used 12929K [0x0000000780000000, 0x0000000800000000)
  region size 1024K, 1 young (1024K), 1 survivors (1024K)
 Metaspace       used 12944K, capacity 13623K, committed 13952K, reserved 1060864K
  class space    used 1655K, capacity 1858K, committed 1920K, reserved 1048576K
}
Event: 142.674 GC heap before
{Heap before GC invocations=21 (full 0):
 garbage-first heap   total 216064K, used 140929K [0x0000000780000000, 0x0000000800000000)
  region size 1024K, 126 young (129024K), 1 survivors (1024K)
 Metaspace       used 12944K, capacity 13623K, committed 13952K, reserved 1060864K
  class space    used 1655K, capacity 1858K, committed 1920K, reserved 1048576K
}
Event: 142.674 GC heap after
{Heap after GC invocations=22 (full 0):
 garbage-first heap   total 216064K, used 12933K [0x0000000780000000, 0x0000000800000000)
  region size 1024K, 1 young (1024K), 1 survivors (1024K)
 Metaspace       used 12944K, capacity 13623K, committed 13952K, reserved 1060864K
  class space    used 1655K, capacity 1858K, committed 1920K, reserved 1048576K
}

